2026-05-22 09:37:06,171 | DEBUG | Using proactor: IocpProactor
2026-05-22 09:37:06,423 | INFO | Fetching premier_league | attempt 1
2026-05-22 09:37:06,423 | ERROR | Unexpected error on premier_league: name 'url' is not defined
2026-05-22 09:37:06,423 | INFO | Retrying in 2s...
2026-05-22 09:37:06,443 | INFO | Fetching la_liga | attempt 1
2026-05-22 09:37:06,443 | ERROR | Unexpected error on la_liga: name 'url' is not defined
2026-05-22 09:37:06,443 | INFO | Retrying in 2s...
2026-05-22 09:37:08,428 | INFO | Fetching premier_league | attempt 2
2026-05-22 09:37:08,428 | ERROR | Unexpected error on premier_league: name 'url' is not defined
2026-05-22 09:37:08,429 | INFO | Retrying in 2s...
2026-05-22 09:37:08,445 | INFO | Fetching la_liga | attempt 2
2026-05-22 09:37:08,445 | ERROR | Unexpected error on la_liga: name 'url' is not defined
2026-05-22 09:37:08,449 | INFO | Retrying in 2s...
2026-05-22 09:37:10,437 | INFO | Fetching premier_league | attempt 3
2026-05-22 09:37:10,437 | ERROR | Unexpected error on premier_league: name 'url' is not defined
2026-05-22 09:37:10,518 | INFO | Fetching la_liga | attempt 3
2026-05-22 09:37:10,518 | ERROR | Unexpected error on la_liga: name 'url' is not defined
2026-05-22 09:37:13,873 | DEBUG | Using proactor: IocpProactor
2026-05-22 09:37:13,873 | INFO | Fetching premier_league | attempt 1
2026-05-22 09:37:13,873 | ERROR | Unexpected error on premier_league: name 'url' is not defined
2026-05-22 09:37:13,873 | INFO | Retrying in 2s...
2026-05-22 09:37:13,877 | INFO | Fetching la_liga | attempt 1
2026-05-22 09:37:13,877 | ERROR | Unexpected error on la_liga: name 'url' is not defined
2026-05-22 09:37:13,877 | INFO | Retrying in 2s...
2026-05-22 09:37:15,881 | INFO | Fetching premier_league | attempt 2
2026-05-22 09:37:15,881 | ERROR | Unexpected error on premier_league: name 'url' is not defined
2026-05-22 09:37:15,881 | INFO | Retrying in 2s...
2026-05-22 09:37:15,881 | INFO | Fetching la_liga | attempt 2
2026-05-22 09:37:15,881 | ERROR | Unexpected error on la_liga: name 'url' is not defined
2026-05-22 09:37:15,881 | INFO | Retrying in 2s...
2026-05-22 09:37:17,886 | INFO | Fetching premier_league | attempt 3
2026-05-22 09:37:17,886 | ERROR | Unexpected error on premier_league: name 'url' is not defined
2026-05-22 09:37:17,894 | INFO | Fetching la_liga | attempt 3
2026-05-22 09:37:17,894 | ERROR | Unexpected error on la_liga: name 'url' is not defined
2026-05-22 09:38:21,246 | INFO | FOOTYDATA exiting.
2026-05-22 13:42:16,165 | DEBUG | Using proactor: IocpProactor
2026-05-22 13:42:16,369 | INFO | Fetching premier_league | attempt 1
2026-05-22 13:42:16,386 | INFO | Fetching la_liga | attempt 1
2026-05-22 13:42:21,454 | ERROR | HTTP error on la_liga: 403
2026-05-22 13:42:21,454 | INFO | Retrying in 2s...
2026-05-22 13:42:21,454 | ERROR | HTTP error on premier_league: 403
2026-05-22 13:42:21,454 | INFO | Retrying in 2s...
2026-05-22 13:42:23,447 | INFO | Fetching la_liga | attempt 2
2026-05-22 13:42:23,463 | INFO | Fetching premier_league | attempt 2
2026-05-22 13:42:24,362 | ERROR | HTTP error on premier_league: 403
2026-05-22 13:42:24,363 | INFO | Retrying in 2s...
2026-05-22 13:42:24,728 | ERROR | HTTP error on la_liga: 403
2026-05-22 13:42:24,728 | INFO | Retrying in 2s...
2026-05-22 13:42:26,372 | INFO | Fetching premier_league | attempt 3
2026-05-22 13:42:26,730 | INFO | Fetching la_liga | attempt 3
2026-05-22 13:42:27,749 | ERROR | HTTP error on la_liga: 403
2026-05-22 13:42:27,845 | ERROR | HTTP error on premier_league: 403
2026-05-22 13:42:34,340 | INFO | FOOTYDATA exiting.
2026-05-23 16:30:37,907 | DEBUG | Using proactor: IocpProactor
2026-05-23 16:30:38,122 | INFO | Fetching premier_league | attempt 1
2026-05-23 16:30:38,126 | INFO | Fetching la_liga | attempt 1
2026-05-23 16:30:41,469 | ERROR | HTTP error on premier_league: 403
2026-05-23 16:30:41,469 | INFO | Retrying in 5s...
2026-05-23 16:30:41,469 | ERROR | HTTP error on la_liga: 403
2026-05-23 16:30:41,469 | INFO | Retrying in 5s...
2026-05-23 16:30:46,469 | INFO | Fetching premier_league | attempt 2
2026-05-23 16:30:46,470 | INFO | Fetching la_liga | attempt 2
2026-05-23 16:30:47,090 | ERROR | HTTP error on premier_league: 403
2026-05-23 16:30:47,090 | INFO | Retrying in 5s...
2026-05-23 16:30:47,193 | ERROR | HTTP error on la_liga: 403
2026-05-23 16:30:47,194 | INFO | Retrying in 5s...
2026-05-23 16:30:52,095 | INFO | Fetching premier_league | attempt 3
2026-05-23 16:30:52,200 | INFO | Fetching la_liga | attempt 3
2026-05-23 16:30:52,739 | ERROR | HTTP error on premier_league: 403
2026-05-23 16:30:52,887 | ERROR | HTTP error on la_liga: 403
2026-05-23 16:30:56,485 | INFO | FOOTYDATA exiting.
2026-05-23 16:35:43,880 | DEBUG | Using proactor: IocpProactor
2026-05-23 16:35:43,979 | INFO | Fetching premier_league | attempt 1
2026-05-23 16:35:43,999 | INFO | Fetching la_liga | attempt 1
2026-05-23 16:35:52,132 | ERROR | HTTP error on premier_league: 404
2026-05-23 16:35:52,132 | INFO | Retrying in 5s...
2026-05-23 16:35:52,132 | ERROR | HTTP error on la_liga: 404
2026-05-23 16:35:52,132 | INFO | Retrying in 5s...
2026-05-23 16:35:57,147 | INFO | Fetching premier_league | attempt 2
2026-05-23 16:35:57,147 | INFO | Fetching la_liga | attempt 2
2026-05-23 16:35:57,361 | ERROR | HTTP error on premier_league: 404
2026-05-23 16:35:57,361 | INFO | Retrying in 5s...
2026-05-23 16:35:57,785 | ERROR | HTTP error on la_liga: 404
2026-05-23 16:35:57,785 | INFO | Retrying in 5s...
2026-05-23 16:36:02,365 | INFO | Fetching premier_league | attempt 3
2026-05-23 16:36:02,812 | INFO | Fetching la_liga | attempt 3
2026-05-23 16:36:03,572 | ERROR | HTTP error on premier_league: 404
2026-05-23 16:36:03,720 | ERROR | HTTP error on la_liga: 404
2026-05-23 16:37:32,336 | INFO | FOOTYDATA exiting.
2026-05-23 16:49:22,221 | DEBUG | Using proactor: IocpProactor
2026-05-23 16:49:22,355 | INFO | Fetching premier_league | attempt 1
2026-05-23 16:49:22,367 | INFO | Fetching la_liga | attempt 1
2026-05-23 16:49:34,296 | DEBUG | Using proactor: IocpProactor
2026-05-23 16:49:34,296 | INFO | Fetching premier_league | attempt 1
2026-05-23 16:49:34,308 | INFO | Fetching la_liga | attempt 1
2026-05-23 16:53:38,141 | INFO | FOOTYDATA exiting.
2026-05-23 16:57:17,685 | INFO | ✓ Players table ready
2026-05-23 16:57:17,704 | INFO | ✓ FOOTYDATA initialized
2026-05-23 16:57:20,897 | INFO | ═══ Starting full pipeline ═══
2026-05-23 16:57:20,897 | INFO | ▶ Running: scrape_all
2026-05-23 16:57:20,897 | DEBUG | Using proactor: IocpProactor
2026-05-23 16:57:21,049 | INFO | Fetching premier_league | attempt 1
2026-05-23 16:57:21,050 | INFO | Fetching la_liga | attempt 1
2026-05-23 16:57:22,873 | INFO | ✓ Got la_liga | 158709 chars
2026-05-23 16:57:23,158 | INFO | ✓ Got premier_league | 151177 chars
2026-05-23 16:57:23,173 | INFO | ✓ Done: scrape_all | took 2.26s
2026-05-23 16:57:23,174 | INFO | ▶ Running: parse_all
2026-05-23 16:57:23,343 | INFO | ✓ Parsed 25 players from premier_league
2026-05-23 16:57:23,444 | INFO | ✓ Parsed 25 players from la_liga
2026-05-23 16:57:23,444 | INFO | ✓ Total players parsed: 50
2026-05-23 16:57:23,444 | INFO | ✓ Done: parse_all | took 0.27s
2026-05-23 16:57:23,444 | INFO | ▶ Running: clean_data
2026-05-23 16:57:23,724 | INFO | ✓ Dropped 0 duplicates
2026-05-23 16:57:23,763 | INFO | ✓ Clean complete | 50 players ready
2026-05-23 16:57:23,763 | INFO | ✓ Done: clean_data | took 0.32s
2026-05-23 16:57:29,027 | INFO | ✓ Bulk insert complete | 50 rows processed
2026-05-23 16:57:29,027 | INFO | ▶ Running: export_csv
2026-05-23 16:57:29,098 | INFO | ✓ Exported to data/players.csv
2026-05-23 16:57:29,098 | INFO | ✓ Done: export_csv | took 0.07s
2026-05-23 16:57:29,098 | INFO | ═══ Pipeline complete ═══
2026-05-23 16:57:49,642 | INFO | FOOTYDATA exiting.
